INFO - 2025-03-23 04:54:22 --> Session: Class initialized using 'CodeIgniter\Session\Handlers\FileHandler' driver.
CRITICAL - 2025-03-23 04:54:23 --> ErrorException: Undefined array key "nama"
[Method: GET, Route: Admin/listAudisi]
in APPPATH\Views\templates\headerAdmin.php on line 211.
 1 APPPATH\Views\templates\headerAdmin.php(211): CodeIgniter\Debug\Exceptions->errorHandler(2, 'Undefined array key "nama"', 'E:\\laragon\\www\\CodeIgniter4\\app\\Views\\templates\\headerAdmin.php', 211)
 2 SYSTEMPATH\View\View.php(234): include('E:\\laragon\\www\\CodeIgniter4\\app\\Views\\templates\\headerAdmin.php')
 3 SYSTEMPATH\View\View.php(237): CodeIgniter\View\View->CodeIgniter\View\{closure}()
 4 SYSTEMPATH\Common.php(1171): CodeIgniter\View\View->render('templates/headerAdmin', [], true)
 5 APPPATH\Controllers\Admin.php(1071): view('templates/headerAdmin', [...])
 6 SYSTEMPATH\CodeIgniter.php(933): App\Controllers\Admin->audisi()
 7 SYSTEMPATH\CodeIgniter.php(509): CodeIgniter\CodeIgniter->runController(Object(App\Controllers\Admin))
 8 SYSTEMPATH\CodeIgniter.php(355): CodeIgniter\CodeIgniter->handleRequest(null, Object(Config\Cache), false)
 9 SYSTEMPATH\Boot.php(325): CodeIgniter\CodeIgniter->run()
10 SYSTEMPATH\Boot.php(67): CodeIgniter\Boot::runCodeIgniter(Object(CodeIgniter\CodeIgniter))
11 FCPATH\index.php(59): CodeIgniter\Boot::bootWeb(Object(Config\Paths))
INFO - 2025-03-23 04:54:32 --> Session: Class initialized using 'CodeIgniter\Session\Handlers\FileHandler' driver.
INFO - 2025-03-23 04:54:35 --> Session: Class initialized using 'CodeIgniter\Session\Handlers\FileHandler' driver.
INFO - 2025-03-23 04:54:53 --> Session: Class initialized using 'CodeIgniter\Session\Handlers\FileHandler' driver.
INFO - 2025-03-23 04:54:53 --> Session: Class initialized using 'CodeIgniter\Session\Handlers\FileHandler' driver.
INFO - 2025-03-23 04:55:26 --> Session: Class initialized using 'CodeIgniter\Session\Handlers\FileHandler' driver.
INFO - 2025-03-23 04:55:26 --> Session: Class initialized using 'CodeIgniter\Session\Handlers\FileHandler' driver.
INFO - 2025-03-23 04:55:58 --> Session: Class initialized using 'CodeIgniter\Session\Handlers\FileHandler' driver.
INFO - 2025-03-23 04:55:58 --> Session: Class initialized using 'CodeIgniter\Session\Handlers\FileHandler' driver.
INFO - 2025-03-23 04:56:26 --> Session: Class initialized using 'CodeIgniter\Session\Handlers\FileHandler' driver.
INFO - 2025-03-23 04:56:27 --> Session: Class initialized using 'CodeIgniter\Session\Handlers\FileHandler' driver.
INFO - 2025-03-23 04:56:43 --> Session: Class initialized using 'CodeIgniter\Session\Handlers\FileHandler' driver.
INFO - 2025-03-23 04:56:43 --> Session: Class initialized using 'CodeIgniter\Session\Handlers\FileHandler' driver.
INFO - 2025-03-23 04:56:59 --> Session: Class initialized using 'CodeIgniter\Session\Handlers\FileHandler' driver.
INFO - 2025-03-23 04:56:59 --> Session: Class initialized using 'CodeIgniter\Session\Handlers\FileHandler' driver.
INFO - 2025-03-23 04:57:04 --> Session: Class initialized using 'CodeIgniter\Session\Handlers\FileHandler' driver.
INFO - 2025-03-23 04:57:04 --> Session: Class initialized using 'CodeIgniter\Session\Handlers\FileHandler' driver.
INFO - 2025-03-23 04:57:08 --> Session: Class initialized using 'CodeIgniter\Session\Handlers\FileHandler' driver.
INFO - 2025-03-23 04:57:11 --> Session: Class initialized using 'CodeIgniter\Session\Handlers\FileHandler' driver.
INFO - 2025-03-23 04:57:26 --> Session: Class initialized using 'CodeIgniter\Session\Handlers\FileHandler' driver.
INFO - 2025-03-23 04:57:28 --> Session: Class initialized using 'CodeIgniter\Session\Handlers\FileHandler' driver.
INFO - 2025-03-23 04:58:04 --> Session: Class initialized using 'CodeIgniter\Session\Handlers\FileHandler' driver.
INFO - 2025-03-23 05:39:42 --> Session: Class initialized using 'CodeIgniter\Session\Handlers\FileHandler' driver.
INFO - 2025-03-23 05:40:16 --> Session: Class initialized using 'CodeIgniter\Session\Handlers\FileHandler' driver.
INFO - 2025-03-23 05:48:37 --> Session: Class initialized using 'CodeIgniter\Session\Handlers\FileHandler' driver.
INFO - 2025-03-23 05:48:39 --> Session: Class initialized using 'CodeIgniter\Session\Handlers\FileHandler' driver.
INFO - 2025-03-23 05:48:44 --> Session: Class initialized using 'CodeIgniter\Session\Handlers\FileHandler' driver.
INFO - 2025-03-23 05:48:49 --> Session: Class initialized using 'CodeIgniter\Session\Handlers\FileHandler' driver.
CRITICAL - 2025-03-23 05:48:49 --> ErrorException: Undefined variable $id_teater
[Method: GET, Route: Audiens/detailAudisiAktor]
in APPPATH\Views\templates\bodyDetailAudisiAktor.php on line 116.
 1 APPPATH\Views\templates\bodyDetailAudisiAktor.php(116): CodeIgniter\Debug\Exceptions->errorHandler(2, 'Undefined variable $id_teater', 'E:\\laragon\\www\\CodeIgniter4\\app\\Views\\templates\\bodyDetailAudisiAktor.php', 116)
 2 SYSTEMPATH\View\View.php(234): include('E:\\laragon\\www\\CodeIgniter4\\app\\Views\\templates\\bodyDetailAudisiAktor.php')
 3 SYSTEMPATH\View\View.php(237): CodeIgniter\View\View->CodeIgniter\View\{closure}()
 4 SYSTEMPATH\Common.php(1171): CodeIgniter\View\View->render('templates/bodyDetailAudisiAktor', [], true)
 5 APPPATH\Controllers\Audiens.php(594): view('templates/bodyDetailAudisiAktor', [...])
 6 SYSTEMPATH\CodeIgniter.php(933): App\Controllers\Audiens->DetailAudisiAktor()
 7 SYSTEMPATH\CodeIgniter.php(509): CodeIgniter\CodeIgniter->runController(Object(App\Controllers\Audiens))
 8 SYSTEMPATH\CodeIgniter.php(355): CodeIgniter\CodeIgniter->handleRequest(null, Object(Config\Cache), false)
 9 SYSTEMPATH\Boot.php(325): CodeIgniter\CodeIgniter->run()
10 SYSTEMPATH\Boot.php(67): CodeIgniter\Boot::runCodeIgniter(Object(CodeIgniter\CodeIgniter))
11 FCPATH\index.php(59): CodeIgniter\Boot::bootWeb(Object(Config\Paths))
INFO - 2025-03-23 05:49:25 --> Session: Class initialized using 'CodeIgniter\Session\Handlers\FileHandler' driver.
CRITICAL - 2025-03-23 05:49:25 --> ErrorException: Undefined variable $id_teater
[Method: GET, Route: Audiens/detailAudisiAktor]
in APPPATH\Views\templates\bodyDetailAudisiAktor.php on line 116.
 1 APPPATH\Views\templates\bodyDetailAudisiAktor.php(116): CodeIgniter\Debug\Exceptions->errorHandler(2, 'Undefined variable $id_teater', 'E:\\laragon\\www\\CodeIgniter4\\app\\Views\\templates\\bodyDetailAudisiAktor.php', 116)
 2 SYSTEMPATH\View\View.php(234): include('E:\\laragon\\www\\CodeIgniter4\\app\\Views\\templates\\bodyDetailAudisiAktor.php')
 3 SYSTEMPATH\View\View.php(237): CodeIgniter\View\View->CodeIgniter\View\{closure}()
 4 SYSTEMPATH\Common.php(1171): CodeIgniter\View\View->render('templates/bodyDetailAudisiAktor', [], true)
 5 APPPATH\Controllers\Audiens.php(594): view('templates/bodyDetailAudisiAktor', [...])
 6 SYSTEMPATH\CodeIgniter.php(933): App\Controllers\Audiens->DetailAudisiAktor()
 7 SYSTEMPATH\CodeIgniter.php(509): CodeIgniter\CodeIgniter->runController(Object(App\Controllers\Audiens))
 8 SYSTEMPATH\CodeIgniter.php(355): CodeIgniter\CodeIgniter->handleRequest(null, Object(Config\Cache), false)
 9 SYSTEMPATH\Boot.php(325): CodeIgniter\CodeIgniter->run()
10 SYSTEMPATH\Boot.php(67): CodeIgniter\Boot::runCodeIgniter(Object(CodeIgniter\CodeIgniter))
11 FCPATH\index.php(59): CodeIgniter\Boot::bootWeb(Object(Config\Paths))
INFO - 2025-03-23 05:49:44 --> Session: Class initialized using 'CodeIgniter\Session\Handlers\FileHandler' driver.
INFO - 2025-03-23 05:49:53 --> Session: Class initialized using 'CodeIgniter\Session\Handlers\FileHandler' driver.
ERROR - 2025-03-23 05:49:53 --> mysqli_sql_exception: Cannot add or update a child row: a foreign key constraint fails (`db_teaterform`.`m_bukti_pembayaran`, CONSTRAINT `m_bukti_pembayaran_ibfk_1` FOREIGN KEY (`id_audiens`) REFERENCES `m_audiens` (`id_audiens`)) in E:\laragon\www\CodeIgniter4\system\Database\MySQLi\Connection.php:312
Stack trace:
#0 E:\laragon\www\CodeIgniter4\system\Database\MySQLi\Connection.php(312): mysqli->query('INSERT INTO `m_...', 0)
#1 E:\laragon\www\CodeIgniter4\system\Database\BaseConnection.php(734): CodeIgniter\Database\MySQLi\Connection->execute('INSERT INTO `m_...')
#2 E:\laragon\www\CodeIgniter4\system\Database\BaseConnection.php(648): CodeIgniter\Database\BaseConnection->simpleQuery('INSERT INTO `m_...')
#3 E:\laragon\www\CodeIgniter4\system\Database\BaseBuilder.php(2340): CodeIgniter\Database\BaseConnection->query('INSERT INTO `m_...', Array, false)
#4 E:\laragon\www\CodeIgniter4\system\Model.php(394): CodeIgniter\Database\BaseBuilder->insert()
#5 E:\laragon\www\CodeIgniter4\system\BaseModel.php(840): CodeIgniter\Model->doInsert(Array)
#6 E:\laragon\www\CodeIgniter4\system\Model.php(802): CodeIgniter\BaseModel->insert(Array, false)
#7 E:\laragon\www\CodeIgniter4\system\BaseModel.php(751): CodeIgniter\Model->insert(Array, false)
#8 E:\laragon\www\CodeIgniter4\app\Controllers\Audiens.php(665): CodeIgniter\BaseModel->save(Array)
#9 E:\laragon\www\CodeIgniter4\system\CodeIgniter.php(933): App\Controllers\Audiens->uploadBuktiPembayaran()
#10 E:\laragon\www\CodeIgniter4\system\CodeIgniter.php(509): CodeIgniter\CodeIgniter->runController(Object(App\Controllers\Audiens))
#11 E:\laragon\www\CodeIgniter4\system\CodeIgniter.php(355): CodeIgniter\CodeIgniter->handleRequest(NULL, Object(Config\Cache), false)
#12 E:\laragon\www\CodeIgniter4\system\Boot.php(325): CodeIgniter\CodeIgniter->run()
#13 E:\laragon\www\CodeIgniter4\system\Boot.php(67): CodeIgniter\Boot::runCodeIgniter(Object(CodeIgniter\CodeIgniter))
#14 E:\laragon\www\CodeIgniter4\public\index.php(59): CodeIgniter\Boot::bootWeb(Object(Config\Paths))
#15 {main}
CRITICAL - 2025-03-23 05:49:53 --> CodeIgniter\Database\Exceptions\DatabaseException: Cannot add or update a child row: a foreign key constraint fails (`db_teaterform`.`m_bukti_pembayaran`, CONSTRAINT `m_bukti_pembayaran_ibfk_1` FOREIGN KEY (`id_audiens`) REFERENCES `m_audiens` (`id_audiens`))
[Method: POST, Route: Audiens/uploadBuktiPembayaran]
in SYSTEMPATH\Database\BaseConnection.php on line 688.
 1 SYSTEMPATH\Database\BaseBuilder.php(2340): CodeIgniter\Database\BaseConnection->query('INSERT INTO `m_bukti_pembayaran` (`id_audiens`, `id_teater`, `tgl_upload`, `is_valid`, `tgl_validated`) VALUES (:id_audiens:, :id_teater:, :tgl_upload:, :is_valid:, :tgl_validated:)', [...], false)
 2 SYSTEMPATH\Model.php(394): CodeIgniter\Database\BaseBuilder->insert()
 3 SYSTEMPATH\BaseModel.php(840): CodeIgniter\Model->doInsert([...])
 4 SYSTEMPATH\Model.php(802): CodeIgniter\BaseModel->insert([...], false)
 5 SYSTEMPATH\BaseModel.php(751): CodeIgniter\Model->insert([...], false)
 6 APPPATH\Controllers\Audiens.php(665): CodeIgniter\BaseModel->save([...])
 7 SYSTEMPATH\CodeIgniter.php(933): App\Controllers\Audiens->uploadBuktiPembayaran()
 8 SYSTEMPATH\CodeIgniter.php(509): CodeIgniter\CodeIgniter->runController(Object(App\Controllers\Audiens))
 9 SYSTEMPATH\CodeIgniter.php(355): CodeIgniter\CodeIgniter->handleRequest(null, Object(Config\Cache), false)
10 SYSTEMPATH\Boot.php(325): CodeIgniter\CodeIgniter->run()
11 SYSTEMPATH\Boot.php(67): CodeIgniter\Boot::runCodeIgniter(Object(CodeIgniter\CodeIgniter))
12 FCPATH\index.php(59): CodeIgniter\Boot::bootWeb(Object(Config\Paths))
CRITICAL - 2025-03-23 05:49:53 --> [Caused by] CodeIgniter\Database\Exceptions\DatabaseException: Cannot add or update a child row: a foreign key constraint fails (`db_teaterform`.`m_bukti_pembayaran`, CONSTRAINT `m_bukti_pembayaran_ibfk_1` FOREIGN KEY (`id_audiens`) REFERENCES `m_audiens` (`id_audiens`))
in SYSTEMPATH\Database\MySQLi\Connection.php on line 317.
 1 SYSTEMPATH\Database\BaseConnection.php(734): CodeIgniter\Database\MySQLi\Connection->execute('INSERT INTO `m_bukti_pembayaran` (`id_audiens`, `id_teater`, `tgl_upload`, `is_valid`, `tgl_validated`) VALUES (\'25\', \'60\', \'2025-03-23 05:49:53\', NULL, \'2025-03-23 05:49:53\')')
 2 SYSTEMPATH\Database\BaseConnection.php(648): CodeIgniter\Database\BaseConnection->simpleQuery('INSERT INTO `m_bukti_pembayaran` (`id_audiens`, `id_teater`, `tgl_upload`, `is_valid`, `tgl_validated`) VALUES (\'25\', \'60\', \'2025-03-23 05:49:53\', NULL, \'2025-03-23 05:49:53\')')
 3 SYSTEMPATH\Database\BaseBuilder.php(2340): CodeIgniter\Database\BaseConnection->query('INSERT INTO `m_bukti_pembayaran` (`id_audiens`, `id_teater`, `tgl_upload`, `is_valid`, `tgl_validated`) VALUES (:id_audiens:, :id_teater:, :tgl_upload:, :is_valid:, :tgl_validated:)', [...], false)
 4 SYSTEMPATH\Model.php(394): CodeIgniter\Database\BaseBuilder->insert()
 5 SYSTEMPATH\BaseModel.php(840): CodeIgniter\Model->doInsert([...])
 6 SYSTEMPATH\Model.php(802): CodeIgniter\BaseModel->insert([...], false)
 7 SYSTEMPATH\BaseModel.php(751): CodeIgniter\Model->insert([...], false)
 8 APPPATH\Controllers\Audiens.php(665): CodeIgniter\BaseModel->save([...])
 9 SYSTEMPATH\CodeIgniter.php(933): App\Controllers\Audiens->uploadBuktiPembayaran()
10 SYSTEMPATH\CodeIgniter.php(509): CodeIgniter\CodeIgniter->runController(Object(App\Controllers\Audiens))
11 SYSTEMPATH\CodeIgniter.php(355): CodeIgniter\CodeIgniter->handleRequest(null, Object(Config\Cache), false)
12 SYSTEMPATH\Boot.php(325): CodeIgniter\CodeIgniter->run()
13 SYSTEMPATH\Boot.php(67): CodeIgniter\Boot::runCodeIgniter(Object(CodeIgniter\CodeIgniter))
14 FCPATH\index.php(59): CodeIgniter\Boot::bootWeb(Object(Config\Paths))
CRITICAL - 2025-03-23 05:49:53 --> [Caused by] mysqli_sql_exception: Cannot add or update a child row: a foreign key constraint fails (`db_teaterform`.`m_bukti_pembayaran`, CONSTRAINT `m_bukti_pembayaran_ibfk_1` FOREIGN KEY (`id_audiens`) REFERENCES `m_audiens` (`id_audiens`))
in SYSTEMPATH\Database\MySQLi\Connection.php on line 312.
 1 SYSTEMPATH\Database\MySQLi\Connection.php(312): mysqli->query('INSERT INTO `m_bukti_pembayaran` (`id_audiens`, `id_teater`, `tgl_upload`, `is_valid`, `tgl_validated`) VALUES (\'25\', \'60\', \'2025-03-23 05:49:53\', NULL, \'2025-03-23 05:49:53\')', 0)
 2 SYSTEMPATH\Database\BaseConnection.php(734): CodeIgniter\Database\MySQLi\Connection->execute('INSERT INTO `m_bukti_pembayaran` (`id_audiens`, `id_teater`, `tgl_upload`, `is_valid`, `tgl_validated`) VALUES (\'25\', \'60\', \'2025-03-23 05:49:53\', NULL, \'2025-03-23 05:49:53\')')
 3 SYSTEMPATH\Database\BaseConnection.php(648): CodeIgniter\Database\BaseConnection->simpleQuery('INSERT INTO `m_bukti_pembayaran` (`id_audiens`, `id_teater`, `tgl_upload`, `is_valid`, `tgl_validated`) VALUES (\'25\', \'60\', \'2025-03-23 05:49:53\', NULL, \'2025-03-23 05:49:53\')')
 4 SYSTEMPATH\Database\BaseBuilder.php(2340): CodeIgniter\Database\BaseConnection->query('INSERT INTO `m_bukti_pembayaran` (`id_audiens`, `id_teater`, `tgl_upload`, `is_valid`, `tgl_validated`) VALUES (:id_audiens:, :id_teater:, :tgl_upload:, :is_valid:, :tgl_validated:)', [...], false)
 5 SYSTEMPATH\Model.php(394): CodeIgniter\Database\BaseBuilder->insert()
 6 SYSTEMPATH\BaseModel.php(840): CodeIgniter\Model->doInsert([...])
 7 SYSTEMPATH\Model.php(802): CodeIgniter\BaseModel->insert([...], false)
 8 SYSTEMPATH\BaseModel.php(751): CodeIgniter\Model->insert([...], false)
 9 APPPATH\Controllers\Audiens.php(665): CodeIgniter\BaseModel->save([...])
10 SYSTEMPATH\CodeIgniter.php(933): App\Controllers\Audiens->uploadBuktiPembayaran()
11 SYSTEMPATH\CodeIgniter.php(509): CodeIgniter\CodeIgniter->runController(Object(App\Controllers\Audiens))
12 SYSTEMPATH\CodeIgniter.php(355): CodeIgniter\CodeIgniter->handleRequest(null, Object(Config\Cache), false)
13 SYSTEMPATH\Boot.php(325): CodeIgniter\CodeIgniter->run()
14 SYSTEMPATH\Boot.php(67): CodeIgniter\Boot::runCodeIgniter(Object(CodeIgniter\CodeIgniter))
15 FCPATH\index.php(59): CodeIgniter\Boot::bootWeb(Object(Config\Paths))
INFO - 2025-03-23 05:55:46 --> Session: Class initialized using 'CodeIgniter\Session\Handlers\FileHandler' driver.
INFO - 2025-03-23 05:55:47 --> Session: Class initialized using 'CodeIgniter\Session\Handlers\FileHandler' driver.
INFO - 2025-03-23 05:57:30 --> Session: Class initialized using 'CodeIgniter\Session\Handlers\FileHandler' driver.
INFO - 2025-03-23 05:57:33 --> Session: Class initialized using 'CodeIgniter\Session\Handlers\FileHandler' driver.
INFO - 2025-03-23 05:58:10 --> Session: Class initialized using 'CodeIgniter\Session\Handlers\FileHandler' driver.
INFO - 2025-03-23 05:58:13 --> Session: Class initialized using 'CodeIgniter\Session\Handlers\FileHandler' driver.
INFO - 2025-03-23 06:00:22 --> Session: Class initialized using 'CodeIgniter\Session\Handlers\FileHandler' driver.
INFO - 2025-03-23 06:00:26 --> Session: Class initialized using 'CodeIgniter\Session\Handlers\FileHandler' driver.
INFO - 2025-03-23 06:00:29 --> Session: Class initialized using 'CodeIgniter\Session\Handlers\FileHandler' driver.
INFO - 2025-03-23 06:00:33 --> Session: Class initialized using 'CodeIgniter\Session\Handlers\FileHandler' driver.
INFO - 2025-03-23 06:00:35 --> Session: Class initialized using 'CodeIgniter\Session\Handlers\FileHandler' driver.
INFO - 2025-03-23 06:00:43 --> Session: Class initialized using 'CodeIgniter\Session\Handlers\FileHandler' driver.
INFO - 2025-03-23 06:00:43 --> Session: Class initialized using 'CodeIgniter\Session\Handlers\FileHandler' driver.
INFO - 2025-03-23 06:01:31 --> Session: Class initialized using 'CodeIgniter\Session\Handlers\FileHandler' driver.
INFO - 2025-03-23 06:01:33 --> Session: Class initialized using 'CodeIgniter\Session\Handlers\FileHandler' driver.
INFO - 2025-03-23 06:01:40 --> Session: Class initialized using 'CodeIgniter\Session\Handlers\FileHandler' driver.
INFO - 2025-03-23 06:01:40 --> Session: Class initialized using 'CodeIgniter\Session\Handlers\FileHandler' driver.
